{"total": {"lines":{"total":95,"covered":38,"skipped":0,"pct":40},"statements":{"total":98,"covered":41,"skipped":0,"pct":41.84},"functions":{"total":32,"covered":12,"skipped":0,"pct":37.5},"branches":{"total":45,"covered":6,"skipped":0,"pct":13.33}}
,"/Users/ogbonnabasil/Desktop/projects/wtc-frontend/src/App.js": {"lines":{"total":1,"covered":1,"skipped":0,"pct":100},"functions":{"total":1,"covered":1,"skipped":0,"pct":100},"statements":{"total":1,"covered":1,"skipped":0,"pct":100},"branches":{"total":0,"covered":0,"skipped":0,"pct":100}}
,"/Users/ogbonnabasil/Desktop/projects/wtc-frontend/src/index.js": {"lines":{"total":5,"covered":0,"skipped":0,"pct":0},"functions":{"total":0,"covered":0,"skipped":0,"pct":100},"statements":{"total":5,"covered":0,"skipped":0,"pct":0},"branches":{"total":2,"covered":0,"skipped":0,"pct":0}}
,"/Users/ogbonnabasil/Desktop/projects/wtc-frontend/src/serviceWorker.js": {"lines":{"total":38,"covered":0,"skipped":0,"pct":0},"functions":{"total":15,"covered":0,"skipped":0,"pct":0},"statements":{"total":38,"covered":0,"skipped":0,"pct":0},"branches":{"total":32,"covered":0,"skipped":0,"pct":0}}
,"/Users/ogbonnabasil/Desktop/projects/wtc-frontend/src/redux/actionCreators.js": {"lines":{"total":8,"covered":8,"skipped":0,"pct":100},"functions":{"total":4,"covered":4,"skipped":0,"pct":100},"statements":{"total":11,"covered":11,"skipped":0,"pct":100},"branches":{"total":0,"covered":0,"skipped":0,"pct":100}}
,"/Users/ogbonnabasil/Desktop/projects/wtc-frontend/src/redux/actionTypes.js": {"lines":{"total":3,"covered":3,"skipped":0,"pct":100},"functions":{"total":0,"covered":0,"skipped":0,"pct":100},"statements":{"total":3,"covered":3,"skipped":0,"pct":100},"branches":{"total":0,"covered":0,"skipped":0,"pct":100}}
,"/Users/ogbonnabasil/Desktop/projects/wtc-frontend/src/redux/reducers.js": {"lines":{"total":6,"covered":6,"skipped":0,"pct":100},"functions":{"total":1,"covered":1,"skipped":0,"pct":100},"statements":{"total":6,"covered":6,"skipped":0,"pct":100},"branches":{"total":5,"covered":5,"skipped":0,"pct":100}}
,"/Users/ogbonnabasil/Desktop/projects/wtc-frontend/src/views/Home.js": {"lines":{"total":34,"covered":20,"skipped":0,"pct":58.82},"functions":{"total":11,"covered":6,"skipped":0,"pct":54.55},"statements":{"total":34,"covered":20,"skipped":0,"pct":58.82},"branches":{"total":6,"covered":1,"skipped":0,"pct":16.67}}
}
